<?xml version="1.0" encoding="UTF-8"?>
<!-- Generated by org.testng.reporters.JUnitReportReporter -->
<testsuite hostname="Susans-MacBook-Pro.local" failures="0" tests="1" name="TestFormValidation" time="20.979" errors="0" timestamp="2024-12-17T22:10:11 CST" skipped="0">
  <testcase classname="TestFormValidation" name="testMandatoryFieldsErrorMessages" time="20.979"/>
  <system-out/>
</testsuite> <!-- TestFormValidation -->
